Exception at PC 0x00007FF83908E132
Attemped to write at address 0x00007FF8EB244AA4
Printing stacktrace...

[0]  [0x00007FF83908E132]
[1]  [0x00007FF83908E132]
[2]  [0x00007FF83908E194]
[3]  [0x00007FF838CDD0D7]
[4]  [0x00007FF838BC2BCA]
[5]  [0x00007FF838BC2FD1]
[6]  [0x00007FF83908EB2F]
[7]  [0x00007FF838F4C19D]
[8]  [0x00007FF838F45942]
[9]  [0x00007FF838F45AB5]
[10] (RtlActivateActivationContextUnsafeFast+0x11d) [0x00007FF925DA9A1D]
[11] (LdrShutdownProcess+0x22a) [0x00007FF925DEDCDA]
[12] (RtlExitUserProcess+0xad) [0x00007FF925DEDA8D]
[13] (FatalExit+0xb) [0x00007FF92588E3BB]
[14] (exit+0x85) [0x00007FF925C5A155]
[15] (initterm_e+0x245) [0x00007FF925C5A7C5]
[16]  [0x00000000004014CD]
[17]  [0x000000000040151B]
[18] (BaseThreadInitThunk+0x14) [0x00007FF925887344]
[19] (RtlUserThreadStart+0x21) [0x00007FF925DE26B1]
Done
